<?xml version="1.0" encoding="UTF-8"?>
<!-- Generated by org.testng.reporters.JUnitReportReporter -->
<testsuite hostname="mutambsPC" failures="0" tests="2" name="SeleniumPipeTest1" time="64.735" errors="0" timestamp="2022-08-23T20:28:40 SAST" skipped="0">
  <testcase classname="SeleniumPipeTest1" name="Test1" time="13.580"/>
  <system-out/>
  <testcase classname="SeleniumPipeTest1" name="Test2" time="51.155"/>
  <system-out/>
</testsuite> <!-- SeleniumPipeTest1 -->
